Sep 16, 2013 1:16:58 PM org.eclipse.birt.report.engine.api.impl.ReportEngine <init>
FINE: ReportEngine created. EngineConfig: EngineConfig: org.eclipse.birt.report.engine.api.EngineConfig.scriptObjects={};tmpDir=F:/workspace/ofbiz100hg\runtime\tempfiles;logLevel=ALL;org.eclipse.birt.report.engine.api.EngineConfig.emitterConfigs={html=org.eclipse.birt.report.engine.api.HTMLEmitterConfig@6a347e};logDest=F:/workspace/ofbiz100hg\runtime\logs; 
Sep 16, 2013 1:16:58 PM org.eclipse.birt.report.engine.extension.internal.ExtensionManager getExtensions
FINE: Start load extension point: org.eclipse.birt.report.engine.reportitemGeneration
Sep 16, 2013 1:16:58 PM org.eclipse.birt.report.engine.extension.internal.ExtensionManager loadGenerationExtensionDefns
FINE: Load generation extension: Chart
Sep 16, 2013 1:16:58 PM org.eclipse.birt.report.engine.extension.internal.ExtensionManager getExtensions
FINE: Start load extension point: org.eclipse.birt.report.engine.reportitemPresentation
Sep 16, 2013 1:16:58 PM org.eclipse.birt.report.engine.extension.internal.ExtensionManager loadPresentationExtensionDefns
FINE: Load prsentation extension: Chart
Sep 16, 2013 1:16:58 PM org.eclipse.birt.report.engine.extension.internal.ExtensionManager getExtensions
FINE: Start load extension point: org.eclipse.birt.report.engine.reportitemQuery
Sep 16, 2013 1:16:58 PM org.eclipse.birt.report.engine.extension.internal.ExtensionManager loadQueryExtensionDefns
FINE: Load query extension: Chart
Sep 16, 2013 1:16:58 PM org.eclipse.birt.report.engine.extension.internal.ExtensionManager getExtensions
FINE: Start load extension point: org.eclipse.birt.report.engine.emitters
Sep 16, 2013 1:16:58 PM org.eclipse.birt.report.engine.extension.internal.ExtensionManager loadEmitterExtensionDefns
FINE: Load html emitter org.eclipse.birt.report.engine.emitter.html
Sep 16, 2013 1:16:58 PM org.eclipse.birt.report.engine.extension.internal.ExtensionManager loadEmitterExtensionDefns
FINE: Load pdf emitter org.eclipse.birt.report.engine.emitter.pdf
Sep 16, 2013 1:16:58 PM org.eclipse.birt.report.engine.extension.internal.ExtensionManager loadEmitterExtensionDefns
FINE: Load postscript emitter org.eclipse.birt.report.engine.emitter.postscript
Sep 16, 2013 1:16:58 PM org.eclipse.birt.report.engine.extension.internal.ExtensionManager loadEmitterExtensionDefns
FINE: Load ppt emitter org.eclipse.birt.report.engine.emitter.ppt
Sep 16, 2013 1:16:58 PM org.eclipse.birt.report.engine.extension.internal.ExtensionManager loadEmitterExtensionDefns
FINE: Load xls emitter org.eclipse.birt.report.engine.emitter.prototype.excel
Sep 16, 2013 1:16:58 PM org.eclipse.birt.report.engine.extension.internal.ExtensionManager loadEmitterExtensionDefns
FINE: Load doc emitter org.eclipse.birt.report.engine.emitter.word
Sep 16, 2013 1:16:58 PM org.eclipse.birt.report.engine.extension.internal.ExtensionManager loadEmitterExtensionDefns
FINE: Load odp emitter org.eclipse.birt.report.engine.emitter.odp
Sep 16, 2013 1:16:58 PM org.eclipse.birt.report.engine.extension.internal.ExtensionManager loadEmitterExtensionDefns
FINE: Load ods emitter org.eclipse.birt.report.engine.emitter.prototype.ods
Sep 16, 2013 1:16:58 PM org.eclipse.birt.report.engine.extension.internal.ExtensionManager loadEmitterExtensionDefns
FINE: Load odt emitter org.eclipse.birt.report.engine.emitter.odt
Sep 16, 2013 1:16:58 PM org.eclipse.birt.report.engine.extension.internal.ExtensionManager getExtensions
FINE: Start load extension point: org.eclipse.birt.report.engine.reportEventHandler
Sep 16, 2013 1:16:58 PM org.eclipse.birt.report.engine.extension.internal.ExtensionManager getExtensions
FINE: Start load extension point: org.eclipse.birt.report.engine.reportItemPreparation
Sep 16, 2013 1:16:58 PM org.eclipse.birt.report.engine.extension.internal.ExtensionManager getExtensions
FINE: Start load extension point: org.eclipse.birt.report.engine.dataExtraction
Sep 16, 2013 1:16:58 PM org.eclipse.birt.report.engine.extension.internal.ExtensionManager loadDataExtractionExtensions
FINE: Load data extraction extension: org.eclipse.birt.report.engine.dataextraction.csv
Sep 16, 2013 1:16:58 PM org.eclipse.birt.report.engine.extension.internal.ExtensionManager getExtensions
FINE: Start load extension point: org.eclipse.birt.report.engine.extendedItemFactory
Sep 16, 2013 1:16:58 PM org.eclipse.birt.report.engine.extension.internal.ExtensionManager loadExtendedItems
FINE: Load extendedItem extension: Crosstab
Sep 16, 2013 1:16:58 PM org.eclipse.birt.report.engine.extension.internal.ExtensionManager loadExtendedItems
FINE: Load extendedItem extension: CrosstabCell
Sep 16, 2013 1:16:58 PM org.eclipse.birt.report.engine.extension.internal.ExtensionManager loadExtendedItems
FINE: Load extendedItem extension: AggregationCell
